--- .NET API started 2026-03-10T13:31:48.2846285-04:00 ---
Building...
info: Microsoft.EntityFrameworkCore.Database.Command[20101]
      Executed DbCommand (64ms) [Parameters=[], CommandType='Text', CommandTimeout='30']
      SELECT 1
info: Microsoft.EntityFrameworkCore.Database.Command[20101]
      Executed DbCommand (63ms) [Parameters=[], CommandType='Text', CommandTimeout='30']
      
      IF EXISTS
          (SELECT *
           FROM [sys].[objects] o
           WHERE [o].[type] = 'U'
           AND [o].[is_ms_shipped] = 0
           AND NOT EXISTS (SELECT *
               FROM [sys].[extended_properties] AS [ep]
               WHERE [ep].[major_id] = [o].[object_id]
                   AND [ep].[minor_id] = 0
                   AND [ep].[class] = 1
                   AND [ep].[name] = N'microsoft_database_tools_support'
          )
      )
      SELECT 1 ELSE SELECT 0
info: Microsoft.Hosting.Lifetime[14]
      Now listening on: http://localhost:5000
info: Microsoft.Hosting.Lifetime[0]
      Application started. Press Ctrl+C to shut down.
info: Microsoft.Hosting.Lifetime[0]
      Hosting environment: Development
info: Microsoft.Hosting.Lifetime[0]
      Content root path: C:\Users\fulle\Repos\DrupalPOC\src\DrupalPOC.Api
info: System.Net.Http.HttpClient.gophish.LogicalHandler[100]
      Start processing HTTP request GET https://localhost:3333/api/campaigns/?api_key=***REDACTED_GOPHISH_KEY***
info: System.Net.Http.HttpClient.gophish.ClientHandler[100]
      Sending HTTP request GET https://localhost:3333/api/campaigns/?api_key=***REDACTED_GOPHISH_KEY***
info: Microsoft.EntityFrameworkCore.Database.Command[20101]
      Executed DbCommand (63ms) [Parameters=[], CommandType='Text', CommandTimeout='30']
      SELECT [s].[Id], [s].[CampaignId], [s].[CompletedAt], [s].[CreatedAt], [s].[Score], [s].[UserId]
      FROM [SimulationResults] AS [s]
      ORDER BY [s].[CompletedAt] DESC
info: System.Net.Http.HttpClient.gophish.LogicalHandler[100]
      Start processing HTTP request GET https://localhost:3333/api/campaigns/?api_key=***REDACTED_GOPHISH_KEY***
info: System.Net.Http.HttpClient.gophish.ClientHandler[100]
      Sending HTTP request GET https://localhost:3333/api/campaigns/?api_key=***REDACTED_GOPHISH_KEY***
info: Microsoft.EntityFrameworkCore.Database.Command[20101]
      Executed DbCommand (59ms) [Parameters=[], CommandType='Text', CommandTimeout='30']
      SELECT [s].[Id], [s].[CampaignId], [s].[CompletedAt], [s].[CreatedAt], [s].[Score], [s].[UserId]
      FROM [SimulationResults] AS [s]
      ORDER BY [s].[CompletedAt] DESC
info: System.Net.Http.HttpClient.gophish.LogicalHandler[100]
      Start processing HTTP request GET https://localhost:3333/api/campaigns/?api_key=***REDACTED_GOPHISH_KEY***
info: System.Net.Http.HttpClient.gophish.ClientHandler[100]
      Sending HTTP request GET https://localhost:3333/api/campaigns/?api_key=***REDACTED_GOPHISH_KEY***
